  game.cpp
C:\Users\HP\OneDrive\Работен плот\DNA\src\main\game.cpp(98,17): warning C4244: '=': conversion from 'int' to 'float', possible loss of data
C:\Users\HP\OneDrive\Работен плот\DNA\src\main\game.cpp(172,26): warning C4244: '=': conversion from 'double' to 'float', possible loss of data
C:\Users\HP\OneDrive\Работен плот\DNA\src\main\game.cpp(214,42): warning C4244: '=': conversion from 'int' to 'float', possible loss of data
C:\Users\HP\OneDrive\Работен плот\DNA\src\main\game.cpp(215,42): warning C4244: '=': conversion from 'int' to 'float', possible loss of data
C:\Users\HP\OneDrive\Работен плот\DNA\src\main\game.cpp(217,46): warning C4244: '=': conversion from 'double' to 'float', possible loss of data
C:\Users\HP\OneDrive\Работен плот\DNA\src\main\game.cpp(223,45): warning C4244: '=': conversion from 'int' to 'float', possible loss of data
C:\Users\HP\OneDrive\Работен плот\DNA\src\main\game.cpp(224,45): warning C4244: '=': conversion from 'int' to 'float', possible loss of data
C:\Users\HP\OneDrive\Работен плот\DNA\src\main\game.cpp(226,49): warning C4244: '=': conversion from 'double' to 'float', possible loss of data
C:\Users\HP\OneDrive\Работен плот\DNA\src\main\game.cpp(275,65): warning C4244: '=': conversion from 'int' to 'float', possible loss of data
C:\Users\HP\OneDrive\Работен плот\DNA\src\main\game.cpp(332,40): warning C4244: '-=': conversion from 'double' to 'float', possible loss of data
C:\Users\HP\OneDrive\Работен плот\DNA\src\main\game.cpp(340,62): warning C4244: '=': conversion from 'int' to 'float', possible loss of data
C:\Users\HP\OneDrive\Работен плот\DNA\src\main\game.cpp(341,58): warning C4244: '=': conversion from 'int' to 'float', possible loss of data
C:\Users\HP\OneDrive\Работен плот\DNA\src\main\game.cpp(342,58): warning C4244: '=': conversion from 'int' to 'float', possible loss of data
C:\Users\HP\OneDrive\Работен плот\DNA\src\main\game.cpp(352,65): warning C4244: '=': conversion from 'int' to 'float', possible loss of data
C:\Users\HP\OneDrive\Работен плот\DNA\src\main\game.cpp(358,65): warning C4244: '=': conversion from 'int' to 'float', possible loss of data
  main.cpp
  rules.cpp
  Generating Code...
  main.vcxproj -> C:\Users\HP\OneDrive\Работен плот\DNA\src\x64\Debug\main.exe
